Performing C++ SOURCE FILE Test UINT64_T_IS_EXACTLY_UNSIGNED_LONG_LONG failed with the following output:
Change Dir: /cado-nfs-fallback1/build/buildkitsandbox/CMakeFiles/CMakeTmp

Run Build Command(s):make -f Makefile cmTC_8e387/fast && make[1]: Entering directory '/cado-nfs-fallback1/build/buildkitsandbox/CMakeFiles/CMakeTmp'
make  -f CMakeFiles/cmTC_8e387.dir/build.make CMakeFiles/cmTC_8e387.dir/build
make[2]: Entering directory '/cado-nfs-fallback1/build/buildkitsandbox/CMakeFiles/CMakeTmp'
Building CXX object CMakeFiles/cmTC_8e387.dir/src.cxx.o
/usr/bin/c++   -export-dynamic -std=c++17 -Wno-c++11-compat -W -Wall -O2 -march=znver2 -DNDEBUG  -Wno-literal-suffix -DUINT64_T_IS_EXACTLY_UNSIGNED_LONG_LONG -o CMakeFiles/cmTC_8e387.dir/src.cxx.o -c /cado-nfs-fallback1/build/buildkitsandbox/CMakeFiles/CMakeTmp/src.cxx
/cado-nfs-fallback1/build/buildkitsandbox/CMakeFiles/CMakeTmp/src.cxx: In function 'int main()':
/cado-nfs-fallback1/build/buildkitsandbox/CMakeFiles/CMakeTmp/src.cxx:8:63: error: static assertion failed: not this type
    8 |     static_assert(std::is_same<uint64_t, unsigned long long>::value, "not this type");
      |                   ~~~~~~~~~~~~~~~~~~~~~~~~~~~~~~~~~~~~~~~~~~~~^~~~~
make[2]: *** [CMakeFiles/cmTC_8e387.dir/build.make:78: CMakeFiles/cmTC_8e387.dir/src.cxx.o] Error 1
make[2]: Leaving directory '/cado-nfs-fallback1/build/buildkitsandbox/CMakeFiles/CMakeTmp'
make[1]: *** [Makefile:127: cmTC_8e387/fast] Error 2
make[1]: Leaving directory '/cado-nfs-fallback1/build/buildkitsandbox/CMakeFiles/CMakeTmp'


Source file was:

#include <type_traits>
#include <stdint.h>
#include <stdio.h>
#include <gmp.h>
int main()
{
    static_assert(std::is_same<uint64_t, unsigned long long>::value, "not this type");
    return 0;
}

Performing C++ SOURCE FILE Test UNSIGNED_LONG_LONG_IS_EXACTLY_UNSIGNED_LONG failed with the following output:
Change Dir: /cado-nfs-fallback1/build/buildkitsandbox/CMakeFiles/CMakeTmp

Run Build Command(s):make -f Makefile cmTC_e18e9/fast && make[1]: Entering directory '/cado-nfs-fallback1/build/buildkitsandbox/CMakeFiles/CMakeTmp'
make  -f CMakeFiles/cmTC_e18e9.dir/build.make CMakeFiles/cmTC_e18e9.dir/build
make[2]: Entering directory '/cado-nfs-fallback1/build/buildkitsandbox/CMakeFiles/CMakeTmp'
Building CXX object CMakeFiles/cmTC_e18e9.dir/src.cxx.o
/usr/bin/c++   -export-dynamic -std=c++17 -Wno-c++11-compat -W -Wall -O2 -march=znver2 -DNDEBUG  -Wno-literal-suffix -DUNSIGNED_LONG_LONG_IS_EXACTLY_UNSIGNED_LONG -o CMakeFiles/cmTC_e18e9.dir/src.cxx.o -c /cado-nfs-fallback1/build/buildkitsandbox/CMakeFiles/CMakeTmp/src.cxx
/cado-nfs-fallback1/build/buildkitsandbox/CMakeFiles/CMakeTmp/src.cxx: In function 'int main()':
/cado-nfs-fallback1/build/buildkitsandbox/CMakeFiles/CMakeTmp/src.cxx:8:68: error: static assertion failed: not this type
    8 |     static_assert(std::is_same<unsigned long long, unsigned long>::value, "not this type");
      |                   ~~~~~~~~~~~~~~~~~~~~~~~~~~~~~~~~~~~~~~~~~~~~~~~~~^~~~~
make[2]: *** [CMakeFiles/cmTC_e18e9.dir/build.make:78: CMakeFiles/cmTC_e18e9.dir/src.cxx.o] Error 1
make[2]: Leaving directory '/cado-nfs-fallback1/build/buildkitsandbox/CMakeFiles/CMakeTmp'
make[1]: *** [Makefile:127: cmTC_e18e9/fast] Error 2
make[1]: Leaving directory '/cado-nfs-fallback1/build/buildkitsandbox/CMakeFiles/CMakeTmp'


Source file was:

#include <type_traits>
#include <stdint.h>
#include <stdio.h>
#include <gmp.h>
int main()
{
    static_assert(std::is_same<unsigned long long, unsigned long>::value, "not this type");
    return 0;
}

Performing C++ SOURCE FILE Test UNSIGNED_LONG_IS_EXACTLY_UNSIGNED failed with the following output:
Change Dir: /cado-nfs-fallback1/build/buildkitsandbox/CMakeFiles/CMakeTmp

Run Build Command(s):make -f Makefile cmTC_124e4/fast && make[1]: Entering directory '/cado-nfs-fallback1/build/buildkitsandbox/CMakeFiles/CMakeTmp'
make  -f CMakeFiles/cmTC_124e4.dir/build.make CMakeFiles/cmTC_124e4.dir/build
make[2]: Entering directory '/cado-nfs-fallback1/build/buildkitsandbox/CMakeFiles/CMakeTmp'
Building CXX object CMakeFiles/cmTC_124e4.dir/src.cxx.o
/usr/bin/c++   -export-dynamic -std=c++17 -Wno-c++11-compat -W -Wall -O2 -march=znver2 -DNDEBUG  -Wno-literal-suffix -DUNSIGNED_LONG_IS_EXACTLY_UNSIGNED -o CMakeFiles/cmTC_124e4.dir/src.cxx.o -c /cado-nfs-fallback1/build/buildkitsandbox/CMakeFiles/CMakeTmp/src.cxx
/cado-nfs-fallback1/build/buildkitsandbox/CMakeFiles/CMakeTmp/src.cxx: In function 'int main()':
/cado-nfs-fallback1/build/buildkitsandbox/CMakeFiles/CMakeTmp/src.cxx:8:62: error: static assertion failed: not this type
    8 |     static_assert(std::is_same<unsigned long, unsigned int>::value, "not this type");
      |                   ~~~~~~~~~~~~~~~~~~~~~~~~~~~~~~~~~~~~~~~~~~~^~~~~
make[2]: *** [CMakeFiles/cmTC_124e4.dir/build.make:78: CMakeFiles/cmTC_124e4.dir/src.cxx.o] Error 1
make[2]: Leaving directory '/cado-nfs-fallback1/build/buildkitsandbox/CMakeFiles/CMakeTmp'
make[1]: *** [Makefile:127: cmTC_124e4/fast] Error 2
make[1]: Leaving directory '/cado-nfs-fallback1/build/buildkitsandbox/CMakeFiles/CMakeTmp'


Source file was:

#include <type_traits>
#include <stdint.h>
#include <stdio.h>
#include <gmp.h>
int main()
{
    static_assert(std::is_same<unsigned long, unsigned int>::value, "not this type");
    return 0;
}

Performing C++ SOURCE FILE Test UNSIGNED_LONG_IS_COMPATIBLE_WITH_UNSIGNED failed with the following output:
Change Dir: /cado-nfs-fallback1/build/buildkitsandbox/CMakeFiles/CMakeTmp

Run Build Command(s):make -f Makefile cmTC_40ba2/fast && make[1]: Entering directory '/cado-nfs-fallback1/build/buildkitsandbox/CMakeFiles/CMakeTmp'
make  -f CMakeFiles/cmTC_40ba2.dir/build.make CMakeFiles/cmTC_40ba2.dir/build
make[2]: Entering directory '/cado-nfs-fallback1/build/buildkitsandbox/CMakeFiles/CMakeTmp'
Building CXX object CMakeFiles/cmTC_40ba2.dir/src.cxx.o
/usr/bin/c++   -export-dynamic -std=c++17 -Wno-c++11-compat -W -Wall -O2 -march=znver2 -DNDEBUG  -Wno-literal-suffix -DUNSIGNED_LONG_IS_COMPATIBLE_WITH_UNSIGNED -o CMakeFiles/cmTC_40ba2.dir/src.cxx.o -c /cado-nfs-fallback1/build/buildkitsandbox/CMakeFiles/CMakeTmp/src.cxx
/cado-nfs-fallback1/build/buildkitsandbox/CMakeFiles/CMakeTmp/src.cxx: In function 'int main()':
/cado-nfs-fallback1/build/buildkitsandbox/CMakeFiles/CMakeTmp/src.cxx:8:68: error: static assertion failed: not this type
    8 |     static_assert(std::is_same<unsigned long, unsigned int>::value ||
      |                   ~~~~~~~~~~~~~~~~~~~~~~~~~~~~~~~~~~~~~~~~~~~~~~~~~^~
    9 |         (sizeof(unsigned long) == sizeof(unsigned int)
      |         ~~~~~~~~~~~~~~~~~~~~~~~~~~~~~~~~~~~~~~~~~~~~~~              
   10 |         && std::is_signed<unsigned long>::value == std::is_signed<unsigned int>::value)
      |         ~~~~~~~~~~~~~~~~~~~~~~~~~~~~~~~~~~~~~~~~~~~~~~~~~~~~~~~~~~~~~~~~~~~~~~~~~~~~~~~
make[2]: *** [CMakeFiles/cmTC_40ba2.dir/build.make:78: CMakeFiles/cmTC_40ba2.dir/src.cxx.o] Error 1
make[2]: Leaving directory '/cado-nfs-fallback1/build/buildkitsandbox/CMakeFiles/CMakeTmp'
make[1]: *** [Makefile:127: cmTC_40ba2/fast] Error 2
make[1]: Leaving directory '/cado-nfs-fallback1/build/buildkitsandbox/CMakeFiles/CMakeTmp'


Source file was:

#include <type_traits>
#include <stdint.h>
#include <stdio.h>
#include <gmp.h>
int main()
{
    static_assert(std::is_same<unsigned long, unsigned int>::value ||
        (sizeof(unsigned long) == sizeof(unsigned int)
        && std::is_signed<unsigned long>::value == std::is_signed<unsigned int>::value)
        , "not this type");
    return 0;
}

Performing C++ SOURCE FILE Test SIZE_T_IS_EXACTLY_UNSIGNED_LONG_LONG failed with the following output:
Change Dir: /cado-nfs-fallback1/build/buildkitsandbox/CMakeFiles/CMakeTmp

Run Build Command(s):make -f Makefile cmTC_cc5e5/fast && make[1]: Entering directory '/cado-nfs-fallback1/build/buildkitsandbox/CMakeFiles/CMakeTmp'
make  -f CMakeFiles/cmTC_cc5e5.dir/build.make CMakeFiles/cmTC_cc5e5.dir/build
make[2]: Entering directory '/cado-nfs-fallback1/build/buildkitsandbox/CMakeFiles/CMakeTmp'
Building CXX object CMakeFiles/cmTC_cc5e5.dir/src.cxx.o
/usr/bin/c++   -export-dynamic -std=c++17 -Wno-c++11-compat -W -Wall -O2 -march=znver2 -DNDEBUG  -Wno-literal-suffix -DSIZE_T_IS_EXACTLY_UNSIGNED_LONG_LONG -o CMakeFiles/cmTC_cc5e5.dir/src.cxx.o -c /cado-nfs-fallback1/build/buildkitsandbox/CMakeFiles/CMakeTmp/src.cxx
/cado-nfs-fallback1/build/buildkitsandbox/CMakeFiles/CMakeTmp/src.cxx: In function 'int main()':
/cado-nfs-fallback1/build/buildkitsandbox/CMakeFiles/CMakeTmp/src.cxx:8:61: error: static assertion failed: not this type
    8 |     static_assert(std::is_same<size_t, unsigned long long>::value, "not this type");
      |                   ~~~~~~~~~~~~~~~~~~~~~~~~~~~~~~~~~~~~~~~~~~^~~~~
make[2]: *** [CMakeFiles/cmTC_cc5e5.dir/build.make:78: CMakeFiles/cmTC_cc5e5.dir/src.cxx.o] Error 1
make[2]: Leaving directory '/cado-nfs-fallback1/build/buildkitsandbox/CMakeFiles/CMakeTmp'
make[1]: *** [Makefile:127: cmTC_cc5e5/fast] Error 2
make[1]: Leaving directory '/cado-nfs-fallback1/build/buildkitsandbox/CMakeFiles/CMakeTmp'


Source file was:

#include <type_traits>
#include <stdint.h>
#include <stdio.h>
#include <gmp.h>
int main()
{
    static_assert(std::is_same<size_t, unsigned long long>::value, "not this type");
    return 0;
}

Performing C++ SOURCE FILE Test MP_LIMB_T_IS_EXACTLY_UNSIGNED_LONG_LONG failed with the following output:
Change Dir: /cado-nfs-fallback1/build/buildkitsandbox/CMakeFiles/CMakeTmp

Run Build Command(s):make -f Makefile cmTC_8fcb3/fast && make[1]: Entering directory '/cado-nfs-fallback1/build/buildkitsandbox/CMakeFiles/CMakeTmp'
make  -f CMakeFiles/cmTC_8fcb3.dir/build.make CMakeFiles/cmTC_8fcb3.dir/build
make[2]: Entering directory '/cado-nfs-fallback1/build/buildkitsandbox/CMakeFiles/CMakeTmp'
Building CXX object CMakeFiles/cmTC_8fcb3.dir/src.cxx.o
/usr/bin/c++   -export-dynamic -std=c++17 -Wno-c++11-compat -W -Wall -O2 -march=znver2 -DNDEBUG  -Wno-literal-suffix -DMP_LIMB_T_IS_EXACTLY_UNSIGNED_LONG_LONG -o CMakeFiles/cmTC_8fcb3.dir/src.cxx.o -c /cado-nfs-fallback1/build/buildkitsandbox/CMakeFiles/CMakeTmp/src.cxx
/cado-nfs-fallback1/build/buildkitsandbox/CMakeFiles/CMakeTmp/src.cxx: In function 'int main()':
/cado-nfs-fallback1/build/buildkitsandbox/CMakeFiles/CMakeTmp/src.cxx:8:64: error: static assertion failed: not this type
    8 |     static_assert(std::is_same<mp_limb_t, unsigned long long>::value, "not this type");
      |                   ~~~~~~~~~~~~~~~~~~~~~~~~~~~~~~~~~~~~~~~~~~~~~^~~~~
make[2]: *** [CMakeFiles/cmTC_8fcb3.dir/build.make:78: CMakeFiles/cmTC_8fcb3.dir/src.cxx.o] Error 1
make[2]: Leaving directory '/cado-nfs-fallback1/build/buildkitsandbox/CMakeFiles/CMakeTmp'
make[1]: *** [Makefile:127: cmTC_8fcb3/fast] Error 2
make[1]: Leaving directory '/cado-nfs-fallback1/build/buildkitsandbox/CMakeFiles/CMakeTmp'


Source file was:

#include <type_traits>
#include <stdint.h>
#include <stdio.h>
#include <gmp.h>
int main()
{
    static_assert(std::is_same<mp_limb_t, unsigned long long>::value, "not this type");
    return 0;
}

Performing C++ SOURCE FILE Test UINT32_T_IS_EXACTLY_UNSIGNED_LONG failed with the following output:
Change Dir: /cado-nfs-fallback1/build/buildkitsandbox/CMakeFiles/CMakeTmp

Run Build Command(s):make -f Makefile cmTC_c8842/fast && make[1]: Entering directory '/cado-nfs-fallback1/build/buildkitsandbox/CMakeFiles/CMakeTmp'
make  -f CMakeFiles/cmTC_c8842.dir/build.make CMakeFiles/cmTC_c8842.dir/build
make[2]: Entering directory '/cado-nfs-fallback1/build/buildkitsandbox/CMakeFiles/CMakeTmp'
Building CXX object CMakeFiles/cmTC_c8842.dir/src.cxx.o
/usr/bin/c++   -export-dynamic -std=c++17 -Wno-c++11-compat -W -Wall -O2 -march=znver2 -DNDEBUG  -Wno-literal-suffix -DUINT32_T_IS_EXACTLY_UNSIGNED_LONG -o CMakeFiles/cmTC_c8842.dir/src.cxx.o -c /cado-nfs-fallback1/build/buildkitsandbox/CMakeFiles/CMakeTmp/src.cxx
/cado-nfs-fallback1/build/buildkitsandbox/CMakeFiles/CMakeTmp/src.cxx: In function 'int main()':
/cado-nfs-fallback1/build/buildkitsandbox/CMakeFiles/CMakeTmp/src.cxx:8:58: error: static assertion failed: not this type
    8 |     static_assert(std::is_same<uint32_t, unsigned long>::value, "not this type");
      |                   ~~~~~~~~~~~~~~~~~~~~~~~~~~~~~~~~~~~~~~~^~~~~
make[2]: *** [CMakeFiles/cmTC_c8842.dir/build.make:78: CMakeFiles/cmTC_c8842.dir/src.cxx.o] Error 1
make[2]: Leaving directory '/cado-nfs-fallback1/build/buildkitsandbox/CMakeFiles/CMakeTmp'
make[1]: *** [Makefile:127: cmTC_c8842/fast] Error 2
make[1]: Leaving directory '/cado-nfs-fallback1/build/buildkitsandbox/CMakeFiles/CMakeTmp'


Source file was:

#include <type_traits>
#include <stdint.h>
#include <stdio.h>
#include <gmp.h>
int main()
{
    static_assert(std::is_same<uint32_t, unsigned long>::value, "not this type");
    return 0;
}

Performing C++ SOURCE FILE Test UINT32_T_IS_COMPATIBLE_WITH_UNSIGNED_LONG failed with the following output:
Change Dir: /cado-nfs-fallback1/build/buildkitsandbox/CMakeFiles/CMakeTmp

Run Build Command(s):make -f Makefile cmTC_f4b96/fast && make[1]: Entering directory '/cado-nfs-fallback1/build/buildkitsandbox/CMakeFiles/CMakeTmp'
make  -f CMakeFiles/cmTC_f4b96.dir/build.make CMakeFiles/cmTC_f4b96.dir/build
make[2]: Entering directory '/cado-nfs-fallback1/build/buildkitsandbox/CMakeFiles/CMakeTmp'
Building CXX object CMakeFiles/cmTC_f4b96.dir/src.cxx.o
/usr/bin/c++   -export-dynamic -std=c++17 -Wno-c++11-compat -W -Wall -O2 -march=znver2 -DNDEBUG  -Wno-literal-suffix -DUINT32_T_IS_COMPATIBLE_WITH_UNSIGNED_LONG -o CMakeFiles/cmTC_f4b96.dir/src.cxx.o -c /cado-nfs-fallback1/build/buildkitsandbox/CMakeFiles/CMakeTmp/src.cxx
/cado-nfs-fallback1/build/buildkitsandbox/CMakeFiles/CMakeTmp/src.cxx: In function 'int main()':
/cado-nfs-fallback1/build/buildkitsandbox/CMakeFiles/CMakeTmp/src.cxx:8:64: error: static assertion failed: not this type
    8 |     static_assert(std::is_same<uint32_t, unsigned long>::value ||
      |                   ~~~~~~~~~~~~~~~~~~~~~~~~~~~~~~~~~~~~~~~~~~~~~^~
    9 |         (sizeof(uint32_t) == sizeof(unsigned long)
      |         ~~~~~~~~~~~~~~~~~~~~~~~~~~~~~~~~~~~~~~~~~~              
   10 |         && std::is_signed<uint32_t>::value == std::is_signed<unsigned long>::value)
      |         ~~~~~~~~~~~~~~~~~~~~~~~~~~~~~~~~~~~~~~~~~~~~~~~~~~~~~~~~~~~~~~~~~~~~~~~~~~~
make[2]: *** [CMakeFiles/cmTC_f4b96.dir/build.make:78: CMakeFiles/cmTC_f4b96.dir/src.cxx.o] Error 1
make[2]: Leaving directory '/cado-nfs-fallback1/build/buildkitsandbox/CMakeFiles/CMakeTmp'
make[1]: *** [Makefile:127: cmTC_f4b96/fast] Error 2
make[1]: Leaving directory '/cado-nfs-fallback1/build/buildkitsandbox/CMakeFiles/CMakeTmp'


Source file was:

#include <type_traits>
#include <stdint.h>
#include <stdio.h>
#include <gmp.h>
int main()
{
    static_assert(std::is_same<uint32_t, unsigned long>::value ||
        (sizeof(uint32_t) == sizeof(unsigned long)
        && std::is_signed<uint32_t>::value == std::is_signed<unsigned long>::value)
        , "not this type");
    return 0;
}

Performing C++ SOURCE FILE Test INT64_T_IS_EXACTLY_LONG_LONG failed with the following output:
Change Dir: /cado-nfs-fallback1/build/buildkitsandbox/CMakeFiles/CMakeTmp

Run Build Command(s):make -f Makefile cmTC_d67d1/fast && make[1]: Entering directory '/cado-nfs-fallback1/build/buildkitsandbox/CMakeFiles/CMakeTmp'
make  -f CMakeFiles/cmTC_d67d1.dir/build.make CMakeFiles/cmTC_d67d1.dir/build
make[2]: Entering directory '/cado-nfs-fallback1/build/buildkitsandbox/CMakeFiles/CMakeTmp'
Building CXX object CMakeFiles/cmTC_d67d1.dir/src.cxx.o
/usr/bin/c++   -export-dynamic -std=c++17 -Wno-c++11-compat -W -Wall -O2 -march=znver2 -DNDEBUG  -Wno-literal-suffix -DINT64_T_IS_EXACTLY_LONG_LONG -o CMakeFiles/cmTC_d67d1.dir/src.cxx.o -c /cado-nfs-fallback1/build/buildkitsandbox/CMakeFiles/CMakeTmp/src.cxx
/cado-nfs-fallback1/build/buildkitsandbox/CMakeFiles/CMakeTmp/src.cxx: In function 'int main()':
/cado-nfs-fallback1/build/buildkitsandbox/CMakeFiles/CMakeTmp/src.cxx:8:53: error: static assertion failed: not this type
    8 |     static_assert(std::is_same<int64_t, long long>::value, "not this type");
      |                   ~~~~~~~~~~~~~~~~~~~~~~~~~~~~~~~~~~^~~~~
make[2]: *** [CMakeFiles/cmTC_d67d1.dir/build.make:78: CMakeFiles/cmTC_d67d1.dir/src.cxx.o] Error 1
make[2]: Leaving directory '/cado-nfs-fallback1/build/buildkitsandbox/CMakeFiles/CMakeTmp'
make[1]: *** [Makefile:127: cmTC_d67d1/fast] Error 2
make[1]: Leaving directory '/cado-nfs-fallback1/build/buildkitsandbox/CMakeFiles/CMakeTmp'


Source file was:

#include <type_traits>
#include <stdint.h>
#include <stdio.h>
#include <gmp.h>
int main()
{
    static_assert(std::is_same<int64_t, long long>::value, "not this type");
    return 0;
}

Performing C++ SOURCE FILE Test LONG_LONG_IS_EXACTLY_LONG failed with the following output:
Change Dir: /cado-nfs-fallback1/build/buildkitsandbox/CMakeFiles/CMakeTmp

Run Build Command(s):make -f Makefile cmTC_a6cf6/fast && make[1]: Entering directory '/cado-nfs-fallback1/build/buildkitsandbox/CMakeFiles/CMakeTmp'
make  -f CMakeFiles/cmTC_a6cf6.dir/build.make CMakeFiles/cmTC_a6cf6.dir/build
make[2]: Entering directory '/cado-nfs-fallback1/build/buildkitsandbox/CMakeFiles/CMakeTmp'
Building CXX object CMakeFiles/cmTC_a6cf6.dir/src.cxx.o
/usr/bin/c++   -export-dynamic -std=c++17 -Wno-c++11-compat -W -Wall -O2 -march=znver2 -DNDEBUG  -Wno-literal-suffix -DLONG_LONG_IS_EXACTLY_LONG -o CMakeFiles/cmTC_a6cf6.dir/src.cxx.o -c /cado-nfs-fallback1/build/buildkitsandbox/CMakeFiles/CMakeTmp/src.cxx
/cado-nfs-fallback1/build/buildkitsandbox/CMakeFiles/CMakeTmp/src.cxx: In function 'int main()':
/cado-nfs-fallback1/build/buildkitsandbox/CMakeFiles/CMakeTmp/src.cxx:8:50: error: static assertion failed: not this type
    8 |     static_assert(std::is_same<long long, long>::value, "not this type");
      |                   ~~~~~~~~~~~~~~~~~~~~~~~~~~~~~~~^~~~~
make[2]: *** [CMakeFiles/cmTC_a6cf6.dir/build.make:78: CMakeFiles/cmTC_a6cf6.dir/src.cxx.o] Error 1
make[2]: Leaving directory '/cado-nfs-fallback1/build/buildkitsandbox/CMakeFiles/CMakeTmp'
make[1]: *** [Makefile:127: cmTC_a6cf6/fast] Error 2
make[1]: Leaving directory '/cado-nfs-fallback1/build/buildkitsandbox/CMakeFiles/CMakeTmp'


Source file was:

#include <type_traits>
#include <stdint.h>
#include <stdio.h>
#include <gmp.h>
int main()
{
    static_assert(std::is_same<long long, long>::value, "not this type");
    return 0;
}

Performing C++ SOURCE FILE Test LONG_IS_EXACTLY_INT failed with the following output:
Change Dir: /cado-nfs-fallback1/build/buildkitsandbox/CMakeFiles/CMakeTmp

Run Build Command(s):make -f Makefile cmTC_b5f89/fast && make[1]: Entering directory '/cado-nfs-fallback1/build/buildkitsandbox/CMakeFiles/CMakeTmp'
make  -f CMakeFiles/cmTC_b5f89.dir/build.make CMakeFiles/cmTC_b5f89.dir/build
make[2]: Entering directory '/cado-nfs-fallback1/build/buildkitsandbox/CMakeFiles/CMakeTmp'
Building CXX object CMakeFiles/cmTC_b5f89.dir/src.cxx.o
/usr/bin/c++   -export-dynamic -std=c++17 -Wno-c++11-compat -W -Wall -O2 -march=znver2 -DNDEBUG  -Wno-literal-suffix -DLONG_IS_EXACTLY_INT -o CMakeFiles/cmTC_b5f89.dir/src.cxx.o -c /cado-nfs-fallback1/build/buildkitsandbox/CMakeFiles/CMakeTmp/src.cxx
/cado-nfs-fallback1/build/buildkitsandbox/CMakeFiles/CMakeTmp/src.cxx: In function 'int main()':
/cado-nfs-fallback1/build/buildkitsandbox/CMakeFiles/CMakeTmp/src.cxx:8:44: error: static assertion failed: not this type
    8 |     static_assert(std::is_same<long, int>::value, "not this type");
      |                   ~~~~~~~~~~~~~~~~~~~~~~~~~^~~~~
make[2]: *** [CMakeFiles/cmTC_b5f89.dir/build.make:78: CMakeFiles/cmTC_b5f89.dir/src.cxx.o] Error 1
make[2]: Leaving directory '/cado-nfs-fallback1/build/buildkitsandbox/CMakeFiles/CMakeTmp'
make[1]: *** [Makefile:127: cmTC_b5f89/fast] Error 2
make[1]: Leaving directory '/cado-nfs-fallback1/build/buildkitsandbox/CMakeFiles/CMakeTmp'


Source file was:

#include <type_traits>
#include <stdint.h>
#include <stdio.h>
#include <gmp.h>
int main()
{
    static_assert(std::is_same<long, int>::value, "not this type");
    return 0;
}

Performing C++ SOURCE FILE Test LONG_IS_COMPATIBLE_WITH_INT failed with the following output:
Change Dir: /cado-nfs-fallback1/build/buildkitsandbox/CMakeFiles/CMakeTmp

Run Build Command(s):make -f Makefile cmTC_da656/fast && make[1]: Entering directory '/cado-nfs-fallback1/build/buildkitsandbox/CMakeFiles/CMakeTmp'
make  -f CMakeFiles/cmTC_da656.dir/build.make CMakeFiles/cmTC_da656.dir/build
make[2]: Entering directory '/cado-nfs-fallback1/build/buildkitsandbox/CMakeFiles/CMakeTmp'
Building CXX object CMakeFiles/cmTC_da656.dir/src.cxx.o
/usr/bin/c++   -export-dynamic -std=c++17 -Wno-c++11-compat -W -Wall -O2 -march=znver2 -DNDEBUG  -Wno-literal-suffix -DLONG_IS_COMPATIBLE_WITH_INT -o CMakeFiles/cmTC_da656.dir/src.cxx.o -c /cado-nfs-fallback1/build/buildkitsandbox/CMakeFiles/CMakeTmp/src.cxx
/cado-nfs-fallback1/build/buildkitsandbox/CMakeFiles/CMakeTmp/src.cxx: In function 'int main()':
/cado-nfs-fallback1/build/buildkitsandbox/CMakeFiles/CMakeTmp/src.cxx:8:50: error: static assertion failed: not this type
    8 |     static_assert(std::is_same<long, int>::value ||
      |                   ~~~~~~~~~~~~~~~~~~~~~~~~~~~~~~~^~
    9 |         (sizeof(long) == sizeof(int)
      |         ~~~~~~~~~~~~~~~~~~~~~~~~~~~~              
   10 |         && std::is_signed<long>::value == std::is_signed<int>::value)
      |         ~~~~~~~~~~~~~~~~~~~~~~~~~~~~~~~~~~~~~~~~~~~~~~~~~~~~~~~~~~~~~
make[2]: *** [CMakeFiles/cmTC_da656.dir/build.make:78: CMakeFiles/cmTC_da656.dir/src.cxx.o] Error 1
make[2]: Leaving directory '/cado-nfs-fallback1/build/buildkitsandbox/CMakeFiles/CMakeTmp'
make[1]: *** [Makefile:127: cmTC_da656/fast] Error 2
make[1]: Leaving directory '/cado-nfs-fallback1/build/buildkitsandbox/CMakeFiles/CMakeTmp'


Source file was:

#include <type_traits>
#include <stdint.h>
#include <stdio.h>
#include <gmp.h>
int main()
{
    static_assert(std::is_same<long, int>::value ||
        (sizeof(long) == sizeof(int)
        && std::is_signed<long>::value == std::is_signed<int>::value)
        , "not this type");
    return 0;
}

Performing C++ SOURCE FILE Test SSIZE_T_IS_EXACTLY_LONG_LONG failed with the following output:
Change Dir: /cado-nfs-fallback1/build/buildkitsandbox/CMakeFiles/CMakeTmp

Run Build Command(s):make -f Makefile cmTC_a6e4c/fast && make[1]: Entering directory '/cado-nfs-fallback1/build/buildkitsandbox/CMakeFiles/CMakeTmp'
make  -f CMakeFiles/cmTC_a6e4c.dir/build.make CMakeFiles/cmTC_a6e4c.dir/build
make[2]: Entering directory '/cado-nfs-fallback1/build/buildkitsandbox/CMakeFiles/CMakeTmp'
Building CXX object CMakeFiles/cmTC_a6e4c.dir/src.cxx.o
/usr/bin/c++   -export-dynamic -std=c++17 -Wno-c++11-compat -W -Wall -O2 -march=znver2 -DNDEBUG  -Wno-literal-suffix -DSSIZE_T_IS_EXACTLY_LONG_LONG -o CMakeFiles/cmTC_a6e4c.dir/src.cxx.o -c /cado-nfs-fallback1/build/buildkitsandbox/CMakeFiles/CMakeTmp/src.cxx
/cado-nfs-fallback1/build/buildkitsandbox/CMakeFiles/CMakeTmp/src.cxx: In function 'int main()':
/cado-nfs-fallback1/build/buildkitsandbox/CMakeFiles/CMakeTmp/src.cxx:8:53: error: static assertion failed: not this type
    8 |     static_assert(std::is_same<ssize_t, long long>::value, "not this type");
      |                   ~~~~~~~~~~~~~~~~~~~~~~~~~~~~~~~~~~^~~~~
make[2]: *** [CMakeFiles/cmTC_a6e4c.dir/build.make:78: CMakeFiles/cmTC_a6e4c.dir/src.cxx.o] Error 1
make[2]: Leaving directory '/cado-nfs-fallback1/build/buildkitsandbox/CMakeFiles/CMakeTmp'
make[1]: *** [Makefile:127: cmTC_a6e4c/fast] Error 2
make[1]: Leaving directory '/cado-nfs-fallback1/build/buildkitsandbox/CMakeFiles/CMakeTmp'


Source file was:

#include <type_traits>
#include <stdint.h>
#include <stdio.h>
#include <gmp.h>
int main()
{
    static_assert(std::is_same<ssize_t, long long>::value, "not this type");
    return 0;
}

Performing C++ SOURCE FILE Test INT32_T_IS_EXACTLY_LONG failed with the following output:
Change Dir: /cado-nfs-fallback1/build/buildkitsandbox/CMakeFiles/CMakeTmp

Run Build Command(s):make -f Makefile cmTC_0467b/fast && make[1]: Entering directory '/cado-nfs-fallback1/build/buildkitsandbox/CMakeFiles/CMakeTmp'
make  -f CMakeFiles/cmTC_0467b.dir/build.make CMakeFiles/cmTC_0467b.dir/build
make[2]: Entering directory '/cado-nfs-fallback1/build/buildkitsandbox/CMakeFiles/CMakeTmp'
Building CXX object CMakeFiles/cmTC_0467b.dir/src.cxx.o
/usr/bin/c++   -export-dynamic -std=c++17 -Wno-c++11-compat -W -Wall -O2 -march=znver2 -DNDEBUG  -Wno-literal-suffix -DINT32_T_IS_EXACTLY_LONG -o CMakeFiles/cmTC_0467b.dir/src.cxx.o -c /cado-nfs-fallback1/build/buildkitsandbox/CMakeFiles/CMakeTmp/src.cxx
/cado-nfs-fallback1/build/buildkitsandbox/CMakeFiles/CMakeTmp/src.cxx: In function 'int main()':
/cado-nfs-fallback1/build/buildkitsandbox/CMakeFiles/CMakeTmp/src.cxx:8:48: error: static assertion failed: not this type
    8 |     static_assert(std::is_same<int32_t, long>::value, "not this type");
      |                   ~~~~~~~~~~~~~~~~~~~~~~~~~~~~~^~~~~
make[2]: *** [CMakeFiles/cmTC_0467b.dir/build.make:78: CMakeFiles/cmTC_0467b.dir/src.cxx.o] Error 1
make[2]: Leaving directory '/cado-nfs-fallback1/build/buildkitsandbox/CMakeFiles/CMakeTmp'
make[1]: *** [Makefile:127: cmTC_0467b/fast] Error 2
make[1]: Leaving directory '/cado-nfs-fallback1/build/buildkitsandbox/CMakeFiles/CMakeTmp'


Source file was:

#include <type_traits>
#include <stdint.h>
#include <stdio.h>
#include <gmp.h>
int main()
{
    static_assert(std::is_same<int32_t, long>::value, "not this type");
    return 0;
}

Performing C++ SOURCE FILE Test INT32_T_IS_COMPATIBLE_WITH_LONG failed with the following output:
Change Dir: /cado-nfs-fallback1/build/buildkitsandbox/CMakeFiles/CMakeTmp

Run Build Command(s):make -f Makefile cmTC_a1980/fast && make[1]: Entering directory '/cado-nfs-fallback1/build/buildkitsandbox/CMakeFiles/CMakeTmp'
make  -f CMakeFiles/cmTC_a1980.dir/build.make CMakeFiles/cmTC_a1980.dir/build
make[2]: Entering directory '/cado-nfs-fallback1/build/buildkitsandbox/CMakeFiles/CMakeTmp'
Building CXX object CMakeFiles/cmTC_a1980.dir/src.cxx.o
/usr/bin/c++   -export-dynamic -std=c++17 -Wno-c++11-compat -W -Wall -O2 -march=znver2 -DNDEBUG  -Wno-literal-suffix -DINT32_T_IS_COMPATIBLE_WITH_LONG -o CMakeFiles/cmTC_a1980.dir/src.cxx.o -c /cado-nfs-fallback1/build/buildkitsandbox/CMakeFiles/CMakeTmp/src.cxx
/cado-nfs-fallback1/build/buildkitsandbox/CMakeFiles/CMakeTmp/src.cxx: In function 'int main()':
/cado-nfs-fallback1/build/buildkitsandbox/CMakeFiles/CMakeTmp/src.cxx:8:54: error: static assertion failed: not this type
    8 |     static_assert(std::is_same<int32_t, long>::value ||
      |                   ~~~~~~~~~~~~~~~~~~~~~~~~~~~~~~~~~~~^~
    9 |         (sizeof(int32_t) == sizeof(long)
      |         ~~~~~~~~~~~~~~~~~~~~~~~~~~~~~~~~              
   10 |         && std::is_signed<int32_t>::value == std::is_signed<long>::value)
      |         ~~~~~~~~~~~~~~~~~~~~~~~~~~~~~~~~~~~~~~~~~~~~~~~~~~~~~~~~~~~~~~~~~
make[2]: *** [CMakeFiles/cmTC_a1980.dir/build.make:78: CMakeFiles/cmTC_a1980.dir/src.cxx.o] Error 1
make[2]: Leaving directory '/cado-nfs-fallback1/build/buildkitsandbox/CMakeFiles/CMakeTmp'
make[1]: *** [Makefile:127: cmTC_a1980/fast] Error 2
make[1]: Leaving directory '/cado-nfs-fallback1/build/buildkitsandbox/CMakeFiles/CMakeTmp'


Source file was:

#include <type_traits>
#include <stdint.h>
#include <stdio.h>
#include <gmp.h>
int main()
{
    static_assert(std::is_same<int32_t, long>::value ||
        (sizeof(int32_t) == sizeof(long)
        && std::is_signed<int32_t>::value == std::is_signed<long>::value)
        , "not this type");
    return 0;
}

Performing C++ SOURCE FILE Test MP_SIZE_T_IS_EXACTLY_LONG_LONG failed with the following output:
Change Dir: /cado-nfs-fallback1/build/buildkitsandbox/CMakeFiles/CMakeTmp

Run Build Command(s):make -f Makefile cmTC_e1054/fast && make[1]: Entering directory '/cado-nfs-fallback1/build/buildkitsandbox/CMakeFiles/CMakeTmp'
make  -f CMakeFiles/cmTC_e1054.dir/build.make CMakeFiles/cmTC_e1054.dir/build
make[2]: Entering directory '/cado-nfs-fallback1/build/buildkitsandbox/CMakeFiles/CMakeTmp'
Building CXX object CMakeFiles/cmTC_e1054.dir/src.cxx.o
/usr/bin/c++   -export-dynamic -std=c++17 -Wno-c++11-compat -W -Wall -O2 -march=znver2 -DNDEBUG  -Wno-literal-suffix -DMP_SIZE_T_IS_EXACTLY_LONG_LONG -o CMakeFiles/cmTC_e1054.dir/src.cxx.o -c /cado-nfs-fallback1/build/buildkitsandbox/CMakeFiles/CMakeTmp/src.cxx
/cado-nfs-fallback1/build/buildkitsandbox/CMakeFiles/CMakeTmp/src.cxx: In function 'int main()':
/cado-nfs-fallback1/build/buildkitsandbox/CMakeFiles/CMakeTmp/src.cxx:8:55: error: static assertion failed: not this type
    8 |     static_assert(std::is_same<mp_size_t, long long>::value, "not this type");
      |                   ~~~~~~~~~~~~~~~~~~~~~~~~~~~~~~~~~~~~^~~~~
make[2]: *** [CMakeFiles/cmTC_e1054.dir/build.make:78: CMakeFiles/cmTC_e1054.dir/src.cxx.o] Error 1
make[2]: Leaving directory '/cado-nfs-fallback1/build/buildkitsandbox/CMakeFiles/CMakeTmp'
make[1]: *** [Makefile:127: cmTC_e1054/fast] Error 2
make[1]: Leaving directory '/cado-nfs-fallback1/build/buildkitsandbox/CMakeFiles/CMakeTmp'


Source file was:

#include <type_traits>
#include <stdint.h>
#include <stdio.h>
#include <gmp.h>
int main()
{
    static_assert(std::is_same<mp_size_t, long long>::value, "not this type");
    return 0;
}

Performing C++ SOURCE FILE Test MP_SIZE_T_IS_EXACTLY_INT failed with the following output:
Change Dir: /cado-nfs-fallback1/build/buildkitsandbox/CMakeFiles/CMakeTmp

Run Build Command(s):make -f Makefile cmTC_f219e/fast && make[1]: Entering directory '/cado-nfs-fallback1/build/buildkitsandbox/CMakeFiles/CMakeTmp'
make  -f CMakeFiles/cmTC_f219e.dir/build.make CMakeFiles/cmTC_f219e.dir/build
make[2]: Entering directory '/cado-nfs-fallback1/build/buildkitsandbox/CMakeFiles/CMakeTmp'
Building CXX object CMakeFiles/cmTC_f219e.dir/src.cxx.o
/usr/bin/c++   -export-dynamic -std=c++17 -Wno-c++11-compat -W -Wall -O2 -march=znver2 -DNDEBUG  -Wno-literal-suffix -DMP_SIZE_T_IS_EXACTLY_INT -o CMakeFiles/cmTC_f219e.dir/src.cxx.o -c /cado-nfs-fallback1/build/buildkitsandbox/CMakeFiles/CMakeTmp/src.cxx
/cado-nfs-fallback1/build/buildkitsandbox/CMakeFiles/CMakeTmp/src.cxx: In function 'int main()':
/cado-nfs-fallback1/build/buildkitsandbox/CMakeFiles/CMakeTmp/src.cxx:8:49: error: static assertion failed: not this type
    8 |     static_assert(std::is_same<mp_size_t, int>::value, "not this type");
      |                   ~~~~~~~~~~~~~~~~~~~~~~~~~~~~~~^~~~~
make[2]: *** [CMakeFiles/cmTC_f219e.dir/build.make:78: CMakeFiles/cmTC_f219e.dir/src.cxx.o] Error 1
make[2]: Leaving directory '/cado-nfs-fallback1/build/buildkitsandbox/CMakeFiles/CMakeTmp'
make[1]: *** [Makefile:127: cmTC_f219e/fast] Error 2
make[1]: Leaving directory '/cado-nfs-fallback1/build/buildkitsandbox/CMakeFiles/CMakeTmp'


Source file was:

#include <type_traits>
#include <stdint.h>
#include <stdio.h>
#include <gmp.h>
int main()
{
    static_assert(std::is_same<mp_size_t, int>::value, "not this type");
    return 0;
}

Performing C++ SOURCE FILE Test MP_SIZE_T_IS_COMPATIBLE_WITH_INT failed with the following output:
Change Dir: /cado-nfs-fallback1/build/buildkitsandbox/CMakeFiles/CMakeTmp

Run Build Command(s):make -f Makefile cmTC_1c302/fast && make[1]: Entering directory '/cado-nfs-fallback1/build/buildkitsandbox/CMakeFiles/CMakeTmp'
make  -f CMakeFiles/cmTC_1c302.dir/build.make CMakeFiles/cmTC_1c302.dir/build
make[2]: Entering directory '/cado-nfs-fallback1/build/buildkitsandbox/CMakeFiles/CMakeTmp'
Building CXX object CMakeFiles/cmTC_1c302.dir/src.cxx.o
/usr/bin/c++   -export-dynamic -std=c++17 -Wno-c++11-compat -W -Wall -O2 -march=znver2 -DNDEBUG  -Wno-literal-suffix -DMP_SIZE_T_IS_COMPATIBLE_WITH_INT -o CMakeFiles/cmTC_1c302.dir/src.cxx.o -c /cado-nfs-fallback1/build/buildkitsandbox/CMakeFiles/CMakeTmp/src.cxx
/cado-nfs-fallback1/build/buildkitsandbox/CMakeFiles/CMakeTmp/src.cxx: In function 'int main()':
/cado-nfs-fallback1/build/buildkitsandbox/CMakeFiles/CMakeTmp/src.cxx:8:55: error: static assertion failed: not this type
    8 |     static_assert(std::is_same<mp_size_t, int>::value ||
      |                   ~~~~~~~~~~~~~~~~~~~~~~~~~~~~~~~~~~~~^~
    9 |         (sizeof(mp_size_t) == sizeof(int)
      |         ~~~~~~~~~~~~~~~~~~~~~~~~~~~~~~~~~              
   10 |         && std::is_signed<mp_size_t>::value == std::is_signed<int>::value)
      |         ~~~~~~~~~~~~~~~~~~~~~~~~~~~~~~~~~~~~~~~~~~~~~~~~~~~~~~~~~~~~~~~~~~
make[2]: *** [CMakeFiles/cmTC_1c302.dir/build.make:78: CMakeFiles/cmTC_1c302.dir/src.cxx.o] Error 1
make[2]: Leaving directory '/cado-nfs-fallback1/build/buildkitsandbox/CMakeFiles/CMakeTmp'
make[1]: *** [Makefile:127: cmTC_1c302/fast] Error 2
make[1]: Leaving directory '/cado-nfs-fallback1/build/buildkitsandbox/CMakeFiles/CMakeTmp'


Source file was:

#include <type_traits>
#include <stdint.h>
#include <stdio.h>
#include <gmp.h>
int main()
{
    static_assert(std::is_same<mp_size_t, int>::value ||
        (sizeof(mp_size_t) == sizeof(int)
        && std::is_signed<mp_size_t>::value == std::is_signed<int>::value)
        , "not this type");
    return 0;
}

Performing C++ SOURCE FILE Test MPZ_INTERNAL_SIZE_T_IS_EXACTLY_LONG_LONG failed with the following output:
Change Dir: /cado-nfs-fallback1/build/buildkitsandbox/CMakeFiles/CMakeTmp

Run Build Command(s):make -f Makefile cmTC_3e8f6/fast && make[1]: Entering directory '/cado-nfs-fallback1/build/buildkitsandbox/CMakeFiles/CMakeTmp'
make  -f CMakeFiles/cmTC_3e8f6.dir/build.make CMakeFiles/cmTC_3e8f6.dir/build
make[2]: Entering directory '/cado-nfs-fallback1/build/buildkitsandbox/CMakeFiles/CMakeTmp'
Building CXX object CMakeFiles/cmTC_3e8f6.dir/src.cxx.o
/usr/bin/c++   -export-dynamic -std=c++17 -Wno-c++11-compat -W -Wall -O2 -march=znver2 -DNDEBUG  -Wno-literal-suffix -DMPZ_INTERNAL_SIZE_T_IS_EXACTLY_LONG_LONG -o CMakeFiles/cmTC_3e8f6.dir/src.cxx.o -c /cado-nfs-fallback1/build/buildkitsandbox/CMakeFiles/CMakeTmp/src.cxx
/cado-nfs-fallback1/build/buildkitsandbox/CMakeFiles/CMakeTmp/src.cxx: In function 'int main()':
/cado-nfs-fallback1/build/buildkitsandbox/CMakeFiles/CMakeTmp/src.cxx:8:78: error: static assertion failed: not this type
    8 |     static_assert(std::is_same<decltype(__mpz_struct::_mp_size), long long>::value, "not this type");
      |                   ~~~~~~~~~~~~~~~~~~~~~~~~~~~~~~~~~~~~~~~~~~~~~~~~~~~~~~~~~~~^~~~~
make[2]: *** [CMakeFiles/cmTC_3e8f6.dir/build.make:78: CMakeFiles/cmTC_3e8f6.dir/src.cxx.o] Error 1
make[2]: Leaving directory '/cado-nfs-fallback1/build/buildkitsandbox/CMakeFiles/CMakeTmp'
make[1]: *** [Makefile:127: cmTC_3e8f6/fast] Error 2
make[1]: Leaving directory '/cado-nfs-fallback1/build/buildkitsandbox/CMakeFiles/CMakeTmp'


Source file was:

#include <type_traits>
#include <stdint.h>
#include <stdio.h>
#include <gmp.h>
int main()
{
    static_assert(std::is_same<decltype(__mpz_struct::_mp_size), long long>::value, "not this type");
    return 0;
}

Performing C++ SOURCE FILE Test MPZ_INTERNAL_SIZE_T_IS_COMPATIBLE_WITH_LONG_LONG failed with the following output:
Change Dir: /cado-nfs-fallback1/build/buildkitsandbox/CMakeFiles/CMakeTmp

Run Build Command(s):make -f Makefile cmTC_47549/fast && make[1]: Entering directory '/cado-nfs-fallback1/build/buildkitsandbox/CMakeFiles/CMakeTmp'
make  -f CMakeFiles/cmTC_47549.dir/build.make CMakeFiles/cmTC_47549.dir/build
make[2]: Entering directory '/cado-nfs-fallback1/build/buildkitsandbox/CMakeFiles/CMakeTmp'
Building CXX object CMakeFiles/cmTC_47549.dir/src.cxx.o
/usr/bin/c++   -export-dynamic -std=c++17 -Wno-c++11-compat -W -Wall -O2 -march=znver2 -DNDEBUG  -Wno-literal-suffix -DMPZ_INTERNAL_SIZE_T_IS_COMPATIBLE_WITH_LONG_LONG -o CMakeFiles/cmTC_47549.dir/src.cxx.o -c /cado-nfs-fallback1/build/buildkitsandbox/CMakeFiles/CMakeTmp/src.cxx
/cado-nfs-fallback1/build/buildkitsandbox/CMakeFiles/CMakeTmp/src.cxx: In function 'int main()':
/cado-nfs-fallback1/build/buildkitsandbox/CMakeFiles/CMakeTmp/src.cxx:8:84: error: static assertion failed: not this type
    8 |     static_assert(std::is_same<decltype(__mpz_struct::_mp_size), long long>::value ||
      |                   ~~~~~~~~~~~~~~~~~~~~~~~~~~~~~~~~~~~~~~~~~~~~~~~~~~~~~~~~~~~~~~~~~^~
    9 |         (sizeof(decltype(__mpz_struct::_mp_size)) == sizeof(long long)
      |         ~~~~~~~~~~~~~~~~~~~~~~~~~~~~~~~~~~~~~~~~~~~~~~~~~~~~~~~~~~~~~~              
   10 |         && std::is_signed<decltype(__mpz_struct::_mp_size)>::value == std::is_signed<long long>::value)
      |         ~~~~~~~~~~~~~~~~~~~~~~~~~~~~~~~~~~~~~~~~~~~~~~~~~~~~~~~~~~~~~~~~~~~~~~~~~~~~~~~~~~~~~~~~~~~~~~~
make[2]: *** [CMakeFiles/cmTC_47549.dir/build.make:78: CMakeFiles/cmTC_47549.dir/src.cxx.o] Error 1
make[2]: Leaving directory '/cado-nfs-fallback1/build/buildkitsandbox/CMakeFiles/CMakeTmp'
make[1]: *** [Makefile:127: cmTC_47549/fast] Error 2
make[1]: Leaving directory '/cado-nfs-fallback1/build/buildkitsandbox/CMakeFiles/CMakeTmp'


Source file was:

#include <type_traits>
#include <stdint.h>
#include <stdio.h>
#include <gmp.h>
int main()
{
    static_assert(std::is_same<decltype(__mpz_struct::_mp_size), long long>::value ||
        (sizeof(decltype(__mpz_struct::_mp_size)) == sizeof(long long)
        && std::is_signed<decltype(__mpz_struct::_mp_size)>::value == std::is_signed<long long>::value)
        , "not this type");
    return 0;
}

Performing C++ SOURCE FILE Test MPZ_INTERNAL_SIZE_T_IS_EXACTLY_LONG failed with the following output:
Change Dir: /cado-nfs-fallback1/build/buildkitsandbox/CMakeFiles/CMakeTmp

Run Build Command(s):make -f Makefile cmTC_f89ad/fast && make[1]: Entering directory '/cado-nfs-fallback1/build/buildkitsandbox/CMakeFiles/CMakeTmp'
make  -f CMakeFiles/cmTC_f89ad.dir/build.make CMakeFiles/cmTC_f89ad.dir/build
make[2]: Entering directory '/cado-nfs-fallback1/build/buildkitsandbox/CMakeFiles/CMakeTmp'
Building CXX object CMakeFiles/cmTC_f89ad.dir/src.cxx.o
/usr/bin/c++   -export-dynamic -std=c++17 -Wno-c++11-compat -W -Wall -O2 -march=znver2 -DNDEBUG  -Wno-literal-suffix -DMPZ_INTERNAL_SIZE_T_IS_EXACTLY_LONG -o CMakeFiles/cmTC_f89ad.dir/src.cxx.o -c /cado-nfs-fallback1/build/buildkitsandbox/CMakeFiles/CMakeTmp/src.cxx
/cado-nfs-fallback1/build/buildkitsandbox/CMakeFiles/CMakeTmp/src.cxx: In function 'int main()':
/cado-nfs-fallback1/build/buildkitsandbox/CMakeFiles/CMakeTmp/src.cxx:8:73: error: static assertion failed: not this type
    8 |     static_assert(std::is_same<decltype(__mpz_struct::_mp_size), long>::value, "not this type");
      |                   ~~~~~~~~~~~~~~~~~~~~~~~~~~~~~~~~~~~~~~~~~~~~~~~~~~~~~~^~~~~
make[2]: *** [CMakeFiles/cmTC_f89ad.dir/build.make:78: CMakeFiles/cmTC_f89ad.dir/src.cxx.o] Error 1
make[2]: Leaving directory '/cado-nfs-fallback1/build/buildkitsandbox/CMakeFiles/CMakeTmp'
make[1]: *** [Makefile:127: cmTC_f89ad/fast] Error 2
make[1]: Leaving directory '/cado-nfs-fallback1/build/buildkitsandbox/CMakeFiles/CMakeTmp'


Source file was:

#include <type_traits>
#include <stdint.h>
#include <stdio.h>
#include <gmp.h>
int main()
{
    static_assert(std::is_same<decltype(__mpz_struct::_mp_size), long>::value, "not this type");
    return 0;
}

Performing C++ SOURCE FILE Test MPZ_INTERNAL_SIZE_T_IS_COMPATIBLE_WITH_LONG failed with the following output:
Change Dir: /cado-nfs-fallback1/build/buildkitsandbox/CMakeFiles/CMakeTmp

Run Build Command(s):make -f Makefile cmTC_b85de/fast && make[1]: Entering directory '/cado-nfs-fallback1/build/buildkitsandbox/CMakeFiles/CMakeTmp'
make  -f CMakeFiles/cmTC_b85de.dir/build.make CMakeFiles/cmTC_b85de.dir/build
make[2]: Entering directory '/cado-nfs-fallback1/build/buildkitsandbox/CMakeFiles/CMakeTmp'
Building CXX object CMakeFiles/cmTC_b85de.dir/src.cxx.o
/usr/bin/c++   -export-dynamic -std=c++17 -Wno-c++11-compat -W -Wall -O2 -march=znver2 -DNDEBUG  -Wno-literal-suffix -DMPZ_INTERNAL_SIZE_T_IS_COMPATIBLE_WITH_LONG -o CMakeFiles/cmTC_b85de.dir/src.cxx.o -c /cado-nfs-fallback1/build/buildkitsandbox/CMakeFiles/CMakeTmp/src.cxx
/cado-nfs-fallback1/build/buildkitsandbox/CMakeFiles/CMakeTmp/src.cxx: In function 'int main()':
/cado-nfs-fallback1/build/buildkitsandbox/CMakeFiles/CMakeTmp/src.cxx:8:79: error: static assertion failed: not this type
    8 |     static_assert(std::is_same<decltype(__mpz_struct::_mp_size), long>::value ||
      |                   ~~~~~~~~~~~~~~~~~~~~~~~~~~~~~~~~~~~~~~~~~~~~~~~~~~~~~~~~~~~~^~
    9 |         (sizeof(decltype(__mpz_struct::_mp_size)) == sizeof(long)
      |         ~~~~~~~~~~~~~~~~~~~~~~~~~~~~~~~~~~~~~~~~~~~~~~~~~~~~~~~~~              
   10 |         && std::is_signed<decltype(__mpz_struct::_mp_size)>::value == std::is_signed<long>::value)
      |         ~~~~~~~~~~~~~~~~~~~~~~~~~~~~~~~~~~~~~~~~~~~~~~~~~~~~~~~~~~~~~~~~~~~~~~~~~~~~~~~~~~~~~~~~~~
make[2]: *** [CMakeFiles/cmTC_b85de.dir/build.make:78: CMakeFiles/cmTC_b85de.dir/src.cxx.o] Error 1
make[2]: Leaving directory '/cado-nfs-fallback1/build/buildkitsandbox/CMakeFiles/CMakeTmp'
make[1]: *** [Makefile:127: cmTC_b85de/fast] Error 2
make[1]: Leaving directory '/cado-nfs-fallback1/build/buildkitsandbox/CMakeFiles/CMakeTmp'


Source file was:

#include <type_traits>
#include <stdint.h>
#include <stdio.h>
#include <gmp.h>
int main()
{
    static_assert(std::is_same<decltype(__mpz_struct::_mp_size), long>::value ||
        (sizeof(decltype(__mpz_struct::_mp_size)) == sizeof(long)
        && std::is_signed<decltype(__mpz_struct::_mp_size)>::value == std::is_signed<long>::value)
        , "not this type");
    return 0;
}

Determining if the function strlcpy exists failed with the following output:
Change Dir: /cado-nfs-fallback1/build/buildkitsandbox/CMakeFiles/CMakeTmp

Run Build Command(s):make -f Makefile cmTC_84508/fast && make[1]: Entering directory '/cado-nfs-fallback1/build/buildkitsandbox/CMakeFiles/CMakeTmp'
make  -f CMakeFiles/cmTC_84508.dir/build.make CMakeFiles/cmTC_84508.dir/build
make[2]: Entering directory '/cado-nfs-fallback1/build/buildkitsandbox/CMakeFiles/CMakeTmp'
Building C object CMakeFiles/cmTC_84508.dir/CheckFunctionExists.c.o
/usr/bin/cc   -std=c99 -W -Wall -O2 -march=znver2 -DNDEBUG  -DCHECK_FUNCTION_EXISTS=strlcpy -o CMakeFiles/cmTC_84508.dir/CheckFunctionExists.c.o -c /usr/share/cmake-3.22/Modules/CheckFunctionExists.c
Linking C executable cmTC_84508
/usr/bin/cmake -E cmake_link_script CMakeFiles/cmTC_84508.dir/link.txt --verbose=1
/usr/bin/cc -std=c99 -W -Wall -O2 -march=znver2 -DNDEBUG  -DCHECK_FUNCTION_EXISTS=strlcpy CMakeFiles/cmTC_84508.dir/CheckFunctionExists.c.o -o cmTC_84508 
/usr/bin/ld: CMakeFiles/cmTC_84508.dir/CheckFunctionExists.c.o: in function `main':
CheckFunctionExists.c:(.text.startup+0x10): undefined reference to `strlcpy'
collect2: error: ld returned 1 exit status
make[2]: *** [CMakeFiles/cmTC_84508.dir/build.make:99: cmTC_84508] Error 1
make[2]: Leaving directory '/cado-nfs-fallback1/build/buildkitsandbox/CMakeFiles/CMakeTmp'
make[1]: *** [Makefile:127: cmTC_84508/fast] Error 2
make[1]: Leaving directory '/cado-nfs-fallback1/build/buildkitsandbox/CMakeFiles/CMakeTmp'



Determining if the function strlcat exists failed with the following output:
Change Dir: /cado-nfs-fallback1/build/buildkitsandbox/CMakeFiles/CMakeTmp

Run Build Command(s):make -f Makefile cmTC_84820/fast && make[1]: Entering directory '/cado-nfs-fallback1/build/buildkitsandbox/CMakeFiles/CMakeTmp'
make  -f CMakeFiles/cmTC_84820.dir/build.make CMakeFiles/cmTC_84820.dir/build
make[2]: Entering directory '/cado-nfs-fallback1/build/buildkitsandbox/CMakeFiles/CMakeTmp'
Building C object CMakeFiles/cmTC_84820.dir/CheckFunctionExists.c.o
/usr/bin/cc   -std=c99 -W -Wall -O2 -march=znver2 -DNDEBUG  -DCHECK_FUNCTION_EXISTS=strlcat -o CMakeFiles/cmTC_84820.dir/CheckFunctionExists.c.o -c /usr/share/cmake-3.22/Modules/CheckFunctionExists.c
Linking C executable cmTC_84820
/usr/bin/cmake -E cmake_link_script CMakeFiles/cmTC_84820.dir/link.txt --verbose=1
/usr/bin/cc -std=c99 -W -Wall -O2 -march=znver2 -DNDEBUG  -DCHECK_FUNCTION_EXISTS=strlcat CMakeFiles/cmTC_84820.dir/CheckFunctionExists.c.o -o cmTC_84820 
/usr/bin/ld: CMakeFiles/cmTC_84820.dir/CheckFunctionExists.c.o: in function `main':
CheckFunctionExists.c:(.text.startup+0x10): undefined reference to `strlcat'
collect2: error: ld returned 1 exit status
make[2]: *** [CMakeFiles/cmTC_84820.dir/build.make:99: cmTC_84820] Error 1
make[2]: Leaving directory '/cado-nfs-fallback1/build/buildkitsandbox/CMakeFiles/CMakeTmp'
make[1]: *** [Makefile:127: cmTC_84820/fast] Error 2
make[1]: Leaving directory '/cado-nfs-fallback1/build/buildkitsandbox/CMakeFiles/CMakeTmp'



Performing C SOURCE FILE Test RUNNING_COVERITY failed with the following output:
Change Dir: /cado-nfs-fallback1/build/buildkitsandbox/CMakeFiles/CMakeTmp

Run Build Command(s):make -f Makefile cmTC_6d951/fast && make[1]: Entering directory '/cado-nfs-fallback1/build/buildkitsandbox/CMakeFiles/CMakeTmp'
make  -f CMakeFiles/cmTC_6d951.dir/build.make CMakeFiles/cmTC_6d951.dir/build
make[2]: Entering directory '/cado-nfs-fallback1/build/buildkitsandbox/CMakeFiles/CMakeTmp'
Building C object CMakeFiles/cmTC_6d951.dir/src.c.o
/usr/bin/cc -DRUNNING_COVERITY  -std=c99 -W -Wall -O2 -march=znver2 -DNDEBUG   -o CMakeFiles/cmTC_6d951.dir/src.c.o -c /cado-nfs-fallback1/build/buildkitsandbox/CMakeFiles/CMakeTmp/src.c
/cado-nfs-fallback1/build/buildkitsandbox/CMakeFiles/CMakeTmp/src.c:3:5: error: unknown type name 'choke'
    3 |     choke me
      |     ^~~~~
/cado-nfs-fallback1/build/buildkitsandbox/CMakeFiles/CMakeTmp/src.c:3:13: error: expected ';' before 'int'
    3 |     choke me
      |             ^
      |             ;
    4 | #endif
    5 |     int main() { return 0; }
      |     ~~~      
make[2]: *** [CMakeFiles/cmTC_6d951.dir/build.make:78: CMakeFiles/cmTC_6d951.dir/src.c.o] Error 1
make[2]: Leaving directory '/cado-nfs-fallback1/build/buildkitsandbox/CMakeFiles/CMakeTmp'
make[1]: *** [Makefile:127: cmTC_6d951/fast] Error 2
make[1]: Leaving directory '/cado-nfs-fallback1/build/buildkitsandbox/CMakeFiles/CMakeTmp'


Source file was:

#if !defined(__COVERITY__)
    choke me
#endif
    int main() { return 0; }
    
Determining if files sys/endian.h exist failed with the following output:
Change Dir: /cado-nfs-fallback1/build/buildkitsandbox/CMakeFiles/CMakeTmp

Run Build Command(s):make -f Makefile cmTC_2dbaf/fast && make[1]: Entering directory '/cado-nfs-fallback1/build/buildkitsandbox/CMakeFiles/CMakeTmp'
make  -f CMakeFiles/cmTC_2dbaf.dir/build.make CMakeFiles/cmTC_2dbaf.dir/build
make[2]: Entering directory '/cado-nfs-fallback1/build/buildkitsandbox/CMakeFiles/CMakeTmp'
Building C object CMakeFiles/cmTC_2dbaf.dir/HAVE_SYS_ENDIAN_H.c.o
/usr/bin/cc   -std=c99 -W -Wall -O2 -march=znver2 -DNDEBUG   -o CMakeFiles/cmTC_2dbaf.dir/HAVE_SYS_ENDIAN_H.c.o -c /cado-nfs-fallback1/build/buildkitsandbox/CMakeFiles/CheckIncludeFiles/HAVE_SYS_ENDIAN_H.c
/cado-nfs-fallback1/build/buildkitsandbox/CMakeFiles/CheckIncludeFiles/HAVE_SYS_ENDIAN_H.c:2:10: fatal error: sys/endian.h: No such file or directory
    2 | #include <sys/endian.h>
      |          ^~~~~~~~~~~~~~
compilation terminated.
make[2]: *** [CMakeFiles/cmTC_2dbaf.dir/build.make:78: CMakeFiles/cmTC_2dbaf.dir/HAVE_SYS_ENDIAN_H.c.o] Error 1
make[2]: Leaving directory '/cado-nfs-fallback1/build/buildkitsandbox/CMakeFiles/CMakeTmp'
make[1]: *** [Makefile:127: cmTC_2dbaf/fast] Error 2
make[1]: Leaving directory '/cado-nfs-fallback1/build/buildkitsandbox/CMakeFiles/CMakeTmp'


Source:
/* */
#include <sys/endian.h>


int main(void){return 0;}

